g:\夏令营项目\utils_test\clouddataacquisitionui\x64\release\moc_clouddataacquisitionui.obj
g:\夏令营项目\utils_test\clouddataacquisitionui\x64\release\moc_createtaskui.obj
g:\夏令营项目\utils_test\clouddataacquisitionui\x64\release\moc_subuidialog.obj
g:\夏令营项目\utils_test\clouddataacquisitionui\x64\release\moc_displayprogressui.obj
g:\夏令营项目\utils_test\clouddataacquisitionui\x64\release\moc_showqrcode.obj
g:\夏令营项目\utils_test\clouddataacquisitionui\x64\release\qrc_clouddataacquisitionui.obj
g:\夏令营项目\utils_test\clouddataacquisitionui\x64\release\moc_starttaskui.obj
g:\夏令营项目\utils_test\clouddataacquisitionui\x64\release\moc_taskcardui.obj
g:\夏令营项目\utils_test\clouddataacquisitionui\x64\release\moc_service.obj
g:\夏令营项目\utils_test\clouddataacquisitionui\x64\release\moc_showresultsui.obj
g:\夏令营项目\utils_test\clouddataacquisitionui\x64\release\moc_listtaskcardui.obj
g:\夏令营项目\utils_test\clouddataacquisitionui\x64\release\moc_taskui.obj
g:\夏令营项目\utils_test\clouddataacquisitionui\x64\release\moc_uidialog.obj
g:\夏令营项目\utils_test\clouddataacquisitionui\x64\release\showresultui.obj
g:\夏令营项目\utils_test\clouddataacquisitionui\x64\release\service.obj
g:\夏令营项目\utils_test\clouddataacquisitionui\x64\release\taskcardui.obj
g:\夏令营项目\utils_test\clouddataacquisitionui\x64\release\starttaskui.obj
g:\夏令营项目\utils_test\clouddataacquisitionui\x64\release\clouddataacquisitionui.obj
g:\夏令营项目\utils_test\clouddataacquisitionui\x64\release\showqrcode.obj
g:\夏令营项目\utils_test\clouddataacquisitionui\x64\release\createtaskui.obj
g:\夏令营项目\utils_test\clouddataacquisitionui\x64\release\listtaskcardui.obj
g:\夏令营项目\utils_test\clouddataacquisitionui\x64\release\uidialog.obj
g:\夏令营项目\utils_test\clouddataacquisitionui\x64\release\displayprogressui.obj
g:\夏令营项目\utils_test\clouddataacquisitionui\x64\release\main.obj
g:\夏令营项目\utils_test\clouddataacquisitionui\x64\release\taskui.obj
g:\夏令营项目\utils_test\clouddataacquisitionui\x64\release\subuidialog.obj
g:\夏令营项目\utils_test\clouddataacquisitionui\x64\release\rcc\qrc_clouddataacquisitionui.cpp
g:\夏令营项目\utils_test\clouddataacquisitionui\x64\release\moc\moc_clouddataacquisitionui.cpp
g:\夏令营项目\utils_test\clouddataacquisitionui\x64\release\moc\moc_uidialog.cpp
g:\夏令营项目\utils_test\clouddataacquisitionui\x64\release\moc\moc_taskcardui.cpp
g:\夏令营项目\utils_test\clouddataacquisitionui\x64\release\moc\moc_taskui.cpp
g:\夏令营项目\utils_test\clouddataacquisitionui\x64\release\moc\moc_subuidialog.cpp
g:\夏令营项目\utils_test\clouddataacquisitionui\x64\release\moc\moc_createtaskui.cpp
g:\夏令营项目\utils_test\clouddataacquisitionui\x64\release\moc\moc_starttaskui.cpp
g:\夏令营项目\utils_test\clouddataacquisitionui\x64\release\moc\moc_displayprogressui.cpp
g:\夏令营项目\utils_test\clouddataacquisitionui\x64\release\moc\moc_listtaskcardui.cpp
g:\夏令营项目\utils_test\clouddataacquisitionui\x64\release\moc\moc_showresultsui.cpp
g:\夏令营项目\utils_test\clouddataacquisitionui\x64\release\moc\moc_showqrcode.cpp
g:\夏令营项目\utils_test\clouddataacquisitionui\x64\release\moc\moc_service.cpp
g:\夏令营项目\utils_test\x64\release\clouddataacquisitionui.exe
g:\夏令营项目\utils_test\clouddataacquisitionui\x64\release\clouddat.3a07d11b.tlog\cl.command.1.tlog
g:\夏令营项目\utils_test\clouddataacquisitionui\x64\release\clouddat.3a07d11b.tlog\cl.read.1.tlog
g:\夏令营项目\utils_test\clouddataacquisitionui\x64\release\clouddat.3a07d11b.tlog\cl.write.1.tlog
g:\夏令营项目\utils_test\clouddataacquisitionui\x64\release\clouddat.3a07d11b.tlog\clouddataacquisitionui.write.1u.tlog
g:\夏令营项目\utils_test\clouddataacquisitionui\x64\release\clouddat.3a07d11b.tlog\link.command.1.tlog
g:\夏令营项目\utils_test\clouddataacquisitionui\x64\release\clouddat.3a07d11b.tlog\link.read.1.tlog
g:\夏令营项目\utils_test\clouddataacquisitionui\x64\release\clouddat.3a07d11b.tlog\link.write.1.tlog
g:\夏令营项目\utils_test\clouddataacquisitionui\x64\release\clouddat.3a07d11b.tlog\moc.read.1u.tlog
g:\夏令营项目\utils_test\clouddataacquisitionui\x64\release\clouddat.3a07d11b.tlog\moc.write.1u.tlog
g:\夏令营项目\utils_test\clouddataacquisitionui\x64\release\clouddat.3a07d11b.tlog\rcc.read.1u.tlog
g:\夏令营项目\utils_test\clouddataacquisitionui\x64\release\clouddat.3a07d11b.tlog\rcc.write.1u.tlog
