  moc ShowResults.h
  ShowResults.cpp
  main.cpp
  qrc_ShowResults.cpp
  moc_ShowResults.cpp
  utils.lib(proxy.obj) : 找到 MSIL .netmodule 或使用 /GL 编译的模块；正在使用 /LTCG 重新启动链接；将 /LTCG 添加到链接命令行以改进链接器性能
LINK : warning LNK4075: 忽略“/INCREMENTAL”(由于“/LTCG”规范)
utils.lib(proxy.obj) : error LNK2038: 检测到“_ITERATOR_DEBUG_LEVEL”的不匹配项: 值“0”不匹配值“2”(ShowResults.obj 中)
utils.lib(proxy.obj) : error LNK2038: 检测到“RuntimeLibrary”的不匹配项: 值“MD_DynamicRelease”不匹配值“MDd_DynamicDebug”(ShowResults.obj 中)
utils.lib(log.obj) : error LNK2038: 检测到“_ITERATOR_DEBUG_LEVEL”的不匹配项: 值“0”不匹配值“2”(ShowResults.obj 中)
utils.lib(log.obj) : error LNK2038: 检测到“RuntimeLibrary”的不匹配项: 值“MD_DynamicRelease”不匹配值“MDd_DynamicDebug”(ShowResults.obj 中)
utils.lib(redis.obj) : error LNK2038: 检测到“_ITERATOR_DEBUG_LEVEL”的不匹配项: 值“0”不匹配值“2”(ShowResults.obj 中)
utils.lib(redis.obj) : error LNK2038: 检测到“RuntimeLibrary”的不匹配项: 值“MD_DynamicRelease”不匹配值“MDd_DynamicDebug”(ShowResults.obj 中)
utils.lib(win32_fdapi.obj) : error LNK2038: 检测到“_ITERATOR_DEBUG_LEVEL”的不匹配项: 值“0”不匹配值“2”(ShowResults.obj 中)
utils.lib(win32_fdapi.obj) : error LNK2038: 检测到“RuntimeLibrary”的不匹配项: 值“MD_DynamicRelease”不匹配值“MDd_DynamicDebug”(ShowResults.obj 中)
utils.lib(win32_variadic_functor.obj) : error LNK2038: 检测到“_ITERATOR_DEBUG_LEVEL”的不匹配项: 值“0”不匹配值“2”(ShowResults.obj 中)
utils.lib(win32_variadic_functor.obj) : error LNK2038: 检测到“RuntimeLibrary”的不匹配项: 值“MD_DynamicRelease”不匹配值“MDd_DynamicDebug”(ShowResults.obj 中)
utils.lib(win32_rfdmap.obj) : error LNK2038: 检测到“_ITERATOR_DEBUG_LEVEL”的不匹配项: 值“0”不匹配值“2”(ShowResults.obj 中)
utils.lib(win32_rfdmap.obj) : error LNK2038: 检测到“RuntimeLibrary”的不匹配项: 值“MD_DynamicRelease”不匹配值“MDd_DynamicDebug”(ShowResults.obj 中)
LINK : warning LNK4098: 默认库“MSVCRT”与其他库的使用冲突；请使用 /NODEFAULTLIB:library
C:\Users\Belom.Jedino\Desktop\ShowResults\x64\Debug\ShowResults.exe : fatal error LNK1319: 检测到 12 个不匹配项
