  Service.cpp
  cpr.lib(cprtypes.obj) : 找到 MSIL .netmodule 或使用 /GL 编译的模块；正在使用 /LTCG 重新启动链接；将 /LTCG 添加到链接命令行以改进链接器性能
  正在生成代码
  已完成代码的生成
cpr.lib(cprtypes.obj) : warning LNK4099: 未找到 PDB“MyCpr.pdb”(使用“cpr.lib(cprtypes.obj)”或在“E:\meiya\QQpim\x64\Release\MyCpr.pdb”中寻找)；正在链接对象，如同没有调试信息一样
cpr.lib(cookies.obj) : warning LNK4099: 未找到 PDB“MyCpr.pdb”(使用“cpr.lib(cookies.obj)”或在“E:\meiya\QQpim\x64\Release\MyCpr.pdb”中寻找)；正在链接对象，如同没有调试信息一样
cpr.lib(session.obj) : warning LNK4099: 未找到 PDB“MyCpr.pdb”(使用“cpr.lib(session.obj)”或在“E:\meiya\QQpim\x64\Release\MyCpr.pdb”中寻找)；正在链接对象，如同没有调试信息一样
cpr.lib(curlholder.obj) : warning LNK4099: 未找到 PDB“MyCpr.pdb”(使用“cpr.lib(curlholder.obj)”或在“E:\meiya\QQpim\x64\Release\MyCpr.pdb”中寻找)；正在链接对象，如同没有调试信息一样
cpr.lib(curl_container.obj) : warning LNK4099: 未找到 PDB“MyCpr.pdb”(使用“cpr.lib(curl_container.obj)”或在“E:\meiya\QQpim\x64\Release\MyCpr.pdb”中寻找)；正在链接对象，如同没有调试信息一样
cpr.lib(util.obj) : warning LNK4099: 未找到 PDB“MyCpr.pdb”(使用“cpr.lib(util.obj)”或在“E:\meiya\QQpim\x64\Release\MyCpr.pdb”中寻找)；正在链接对象，如同没有调试信息一样
cpr.lib(proxies.obj) : warning LNK4099: 未找到 PDB“MyCpr.pdb”(使用“cpr.lib(proxies.obj)”或在“E:\meiya\QQpim\x64\Release\MyCpr.pdb”中寻找)；正在链接对象，如同没有调试信息一样
cpr.lib(response.obj) : warning LNK4099: 未找到 PDB“MyCpr.pdb”(使用“cpr.lib(response.obj)”或在“E:\meiya\QQpim\x64\Release\MyCpr.pdb”中寻找)；正在链接对象，如同没有调试信息一样
cpr.lib(unix_socket.obj) : warning LNK4099: 未找到 PDB“MyCpr.pdb”(使用“cpr.lib(unix_socket.obj)”或在“E:\meiya\QQpim\x64\Release\MyCpr.pdb”中寻找)；正在链接对象，如同没有调试信息一样
cpr.lib(timeout.obj) : warning LNK4099: 未找到 PDB“MyCpr.pdb”(使用“cpr.lib(timeout.obj)”或在“E:\meiya\QQpim\x64\Release\MyCpr.pdb”中寻找)；正在链接对象，如同没有调试信息一样
cpr.lib(error.obj) : warning LNK4099: 未找到 PDB“MyCpr.pdb”(使用“cpr.lib(error.obj)”或在“E:\meiya\QQpim\x64\Release\MyCpr.pdb”中寻找)；正在链接对象，如同没有调试信息一样
cpr.lib(vtls.obj) : warning LNK4099: 未找到 PDB“libcurl.pdb”(使用“cpr.lib(vtls.obj)”或在“E:\meiya\QQpim\x64\Release\libcurl.pdb”中寻找)；正在链接对象，如同没有调试信息一样
cpr.lib(openssl.obj) : warning LNK4099: 未找到 PDB“libcurl.pdb”(使用“cpr.lib(openssl.obj)”或在“E:\meiya\QQpim\x64\Release\libcurl.pdb”中寻找)；正在链接对象，如同没有调试信息一样
cpr.lib(keylog.obj) : warning LNK4099: 未找到 PDB“”(使用“cpr.lib(keylog.obj)”或在“”中寻找)；正在链接对象，如同没有调试信息一样
cpr.lib(vauth.obj) : warning LNK4099: 未找到 PDB“libcurl.pdb”(使用“cpr.lib(vauth.obj)”或在“E:\meiya\QQpim\x64\Release\libcurl.pdb”中寻找)；正在链接对象，如同没有调试信息一样
cpr.lib(oauth2.obj) : warning LNK4099: 未找到 PDB“libcurl.pdb”(使用“cpr.lib(oauth2.obj)”或在“E:\meiya\QQpim\x64\Release\libcurl.pdb”中寻找)；正在链接对象，如同没有调试信息一样
cpr.lib(ntlm.obj) : warning LNK4099: 未找到 PDB“libcurl.pdb”(使用“cpr.lib(ntlm.obj)”或在“E:\meiya\QQpim\x64\Release\libcurl.pdb”中寻找)；正在链接对象，如同没有调试信息一样
cpr.lib(digest.obj) : warning LNK4099: 未找到 PDB“libcurl.pdb”(使用“cpr.lib(digest.obj)”或在“E:\meiya\QQpim\x64\Release\libcurl.pdb”中寻找)；正在链接对象，如同没有调试信息一样
cpr.lib(cram.obj) : warning LNK4099: 未找到 PDB“libcurl.pdb”(使用“cpr.lib(cram.obj)”或在“E:\meiya\QQpim\x64\Release\libcurl.pdb”中寻找)；正在链接对象，如同没有调试信息一样
cpr.lib(cleartext.obj) : warning LNK4099: 未找到 PDB“libcurl.pdb”(使用“cpr.lib(cleartext.obj)”或在“E:\meiya\QQpim\x64\Release\libcurl.pdb”中寻找)；正在链接对象，如同没有调试信息一样
cpr.lib(wildcard.obj) : warning LNK4099: 未找到 PDB“libcurl.pdb”(使用“cpr.lib(wildcard.obj)”或在“E:\meiya\QQpim\x64\Release\libcurl.pdb”中寻找)；正在链接对象，如同没有调试信息一样
cpr.lib(warnless.obj) : warning LNK4099: 未找到 PDB“libcurl.pdb”(使用“cpr.lib(warnless.obj)”或在“E:\meiya\QQpim\x64\Release\libcurl.pdb”中寻找)；正在链接对象，如同没有调试信息一样
cpr.lib(version_win32.obj) : warning LNK4099: 未找到 PDB“libcurl.pdb”(使用“cpr.lib(version_win32.obj)”或在“E:\meiya\QQpim\x64\Release\libcurl.pdb”中寻找)；正在链接对象，如同没有调试信息一样
cpr.lib(version.obj) : warning LNK4099: 未找到 PDB“libcurl.pdb”(使用“cpr.lib(version.obj)”或在“E:\meiya\QQpim\x64\Release\libcurl.pdb”中寻找)；正在链接对象，如同没有调试信息一样
cpr.lib(url.obj) : warning LNK4099: 未找到 PDB“libcurl.pdb”(使用“cpr.lib(url.obj)”或在“E:\meiya\QQpim\x64\Release\libcurl.pdb”中寻找)；正在链接对象，如同没有调试信息一样
cpr.lib(urlapi.obj) : warning LNK4099: 未找到 PDB“libcurl.pdb”(使用“cpr.lib(urlapi.obj)”或在“E:\meiya\QQpim\x64\Release\libcurl.pdb”中寻找)；正在链接对象，如同没有调试信息一样
cpr.lib(transfer.obj) : warning LNK4099: 未找到 PDB“libcurl.pdb”(使用“cpr.lib(transfer.obj)”或在“E:\meiya\QQpim\x64\Release\libcurl.pdb”中寻找)；正在链接对象，如同没有调试信息一样
cpr.lib(timeval.obj) : warning LNK4099: 未找到 PDB“libcurl.pdb”(使用“cpr.lib(timeval.obj)”或在“E:\meiya\QQpim\x64\Release\libcurl.pdb”中寻找)；正在链接对象，如同没有调试信息一样
cpr.lib(tftp.obj) : warning LNK4099: 未找到 PDB“libcurl.pdb”(使用“cpr.lib(tftp.obj)”或在“E:\meiya\QQpim\x64\Release\libcurl.pdb”中寻找)；正在链接对象，如同没有调试信息一样
cpr.lib(telnet.obj) : warning LNK4099: 未找到 PDB“libcurl.pdb”(使用“cpr.lib(telnet.obj)”或在“E:\meiya\QQpim\x64\Release\libcurl.pdb”中寻找)；正在链接对象，如同没有调试信息一样
cpr.lib(system_win32.obj) : warning LNK4099: 未找到 PDB“libcurl.pdb”(使用“cpr.lib(system_win32.obj)”或在“E:\meiya\QQpim\x64\Release\libcurl.pdb”中寻找)；正在链接对象，如同没有调试信息一样
cpr.lib(strtoofft.obj) : warning LNK4099: 未找到 PDB“libcurl.pdb”(使用“cpr.lib(strtoofft.obj)”或在“E:\meiya\QQpim\x64\Release\libcurl.pdb”中寻找)；正在链接对象，如同没有调试信息一样
cpr.lib(strtok.obj) : warning LNK4099: 未找到 PDB“libcurl.pdb”(使用“cpr.lib(strtok.obj)”或在“E:\meiya\QQpim\x64\Release\libcurl.pdb”中寻找)；正在链接对象，如同没有调试信息一样
cpr.lib(strerror.obj) : warning LNK4099: 未找到 PDB“libcurl.pdb”(使用“cpr.lib(strerror.obj)”或在“E:\meiya\QQpim\x64\Release\libcurl.pdb”中寻找)；正在链接对象，如同没有调试信息一样
cpr.lib(strdup.obj) : warning LNK4099: 未找到 PDB“libcurl.pdb”(使用“cpr.lib(strdup.obj)”或在“E:\meiya\QQpim\x64\Release\libcurl.pdb”中寻找)；正在链接对象，如同没有调试信息一样
cpr.lib(strcase.obj) : warning LNK4099: 未找到 PDB“libcurl.pdb”(使用“cpr.lib(strcase.obj)”或在“E:\meiya\QQpim\x64\Release\libcurl.pdb”中寻找)；正在链接对象，如同没有调试信息一样
cpr.lib(splay.obj) : warning LNK4099: 未找到 PDB“libcurl.pdb”(使用“cpr.lib(splay.obj)”或在“E:\meiya\QQpim\x64\Release\libcurl.pdb”中寻找)；正在链接对象，如同没有调试信息一样
cpr.lib(speedcheck.obj) : warning LNK4099: 未找到 PDB“libcurl.pdb”(使用“cpr.lib(speedcheck.obj)”或在“E:\meiya\QQpim\x64\Release\libcurl.pdb”中寻找)；正在链接对象，如同没有调试信息一样
cpr.lib(socks.obj) : warning LNK4099: 未找到 PDB“libcurl.pdb”(使用“cpr.lib(socks.obj)”或在“E:\meiya\QQpim\x64\Release\libcurl.pdb”中寻找)；正在链接对象，如同没有调试信息一样
cpr.lib(socketpair.obj) : warning LNK4099: 未找到 PDB“libcurl.pdb”(使用“cpr.lib(socketpair.obj)”或在“E:\meiya\QQpim\x64\Release\libcurl.pdb”中寻找)；正在链接对象，如同没有调试信息一样
cpr.lib(smtp.obj) : warning LNK4099: 未找到 PDB“libcurl.pdb”(使用“cpr.lib(smtp.obj)”或在“E:\meiya\QQpim\x64\Release\libcurl.pdb”中寻找)；正在链接对象，如同没有调试信息一样
cpr.lib(smb.obj) : warning LNK4099: 未找到 PDB“libcurl.pdb”(使用“cpr.lib(smb.obj)”或在“E:\meiya\QQpim\x64\Release\libcurl.pdb”中寻找)；正在链接对象，如同没有调试信息一样
cpr.lib(slist.obj) : warning LNK4099: 未找到 PDB“libcurl.pdb”(使用“cpr.lib(slist.obj)”或在“E:\meiya\QQpim\x64\Release\libcurl.pdb”中寻找)；正在链接对象，如同没有调试信息一样
cpr.lib(share.obj) : warning LNK4099: 未找到 PDB“libcurl.pdb”(使用“cpr.lib(share.obj)”或在“E:\meiya\QQpim\x64\Release\libcurl.pdb”中寻找)；正在链接对象，如同没有调试信息一样
cpr.lib(sha256.obj) : warning LNK4099: 未找到 PDB“libcurl.pdb”(使用“cpr.lib(sha256.obj)”或在“E:\meiya\QQpim\x64\Release\libcurl.pdb”中寻找)；正在链接对象，如同没有调试信息一样
cpr.lib(setopt.obj) : warning LNK4099: 未找到 PDB“libcurl.pdb”(使用“cpr.lib(setopt.obj)”或在“E:\meiya\QQpim\x64\Release\libcurl.pdb”中寻找)；正在链接对象，如同没有调试信息一样
cpr.lib(sendf.obj) : warning LNK4099: 未找到 PDB“libcurl.pdb”(使用“cpr.lib(sendf.obj)”或在“E:\meiya\QQpim\x64\Release\libcurl.pdb”中寻找)；正在链接对象，如同没有调试信息一样
cpr.lib(select.obj) : warning LNK4099: 未找到 PDB“libcurl.pdb”(使用“cpr.lib(select.obj)”或在“E:\meiya\QQpim\x64\Release\libcurl.pdb”中寻找)；正在链接对象，如同没有调试信息一样
cpr.lib(rtsp.obj) : warning LNK4099: 未找到 PDB“libcurl.pdb”(使用“cpr.lib(rtsp.obj)”或在“E:\meiya\QQpim\x64\Release\libcurl.pdb”中寻找)；正在链接对象，如同没有调试信息一样
cpr.lib(rename.obj) : warning LNK4099: 未找到 PDB“libcurl.pdb”(使用“cpr.lib(rename.obj)”或在“E:\meiya\QQpim\x64\Release\libcurl.pdb”中寻找)；正在链接对象，如同没有调试信息一样
cpr.lib(rand.obj) : warning LNK4099: 未找到 PDB“libcurl.pdb”(使用“cpr.lib(rand.obj)”或在“E:\meiya\QQpim\x64\Release\libcurl.pdb”中寻找)；正在链接对象，如同没有调试信息一样
cpr.lib(progress.obj) : warning LNK4099: 未找到 PDB“libcurl.pdb”(使用“cpr.lib(progress.obj)”或在“E:\meiya\QQpim\x64\Release\libcurl.pdb”中寻找)；正在链接对象，如同没有调试信息一样
cpr.lib(pop3.obj) : warning LNK4099: 未找到 PDB“libcurl.pdb”(使用“cpr.lib(pop3.obj)”或在“E:\meiya\QQpim\x64\Release\libcurl.pdb”中寻找)；正在链接对象，如同没有调试信息一样
cpr.lib(pingpong.obj) : warning LNK4099: 未找到 PDB“libcurl.pdb”(使用“cpr.lib(pingpong.obj)”或在“E:\meiya\QQpim\x64\Release\libcurl.pdb”中寻找)；正在链接对象，如同没有调试信息一样
cpr.lib(parsedate.obj) : warning LNK4099: 未找到 PDB“libcurl.pdb”(使用“cpr.lib(parsedate.obj)”或在“E:\meiya\QQpim\x64\Release\libcurl.pdb”中寻找)；正在链接对象，如同没有调试信息一样
cpr.lib(nonblock.obj) : warning LNK4099: 未找到 PDB“libcurl.pdb”(使用“cpr.lib(nonblock.obj)”或在“E:\meiya\QQpim\x64\Release\libcurl.pdb”中寻找)；正在链接对象，如同没有调试信息一样
cpr.lib(netrc.obj) : warning LNK4099: 未找到 PDB“libcurl.pdb”(使用“cpr.lib(netrc.obj)”或在“E:\meiya\QQpim\x64\Release\libcurl.pdb”中寻找)；正在链接对象，如同没有调试信息一样
cpr.lib(multi.obj) : warning LNK4099: 未找到 PDB“libcurl.pdb”(使用“cpr.lib(multi.obj)”或在“E:\meiya\QQpim\x64\Release\libcurl.pdb”中寻找)；正在链接对象，如同没有调试信息一样
cpr.lib(mqtt.obj) : warning LNK4099: 未找到 PDB“libcurl.pdb”(使用“cpr.lib(mqtt.obj)”或在“E:\meiya\QQpim\x64\Release\libcurl.pdb”中寻找)；正在链接对象，如同没有调试信息一样
cpr.lib(mprintf.obj) : warning LNK4099: 未找到 PDB“libcurl.pdb”(使用“cpr.lib(mprintf.obj)”或在“E:\meiya\QQpim\x64\Release\libcurl.pdb”中寻找)；正在链接对象，如同没有调试信息一样
cpr.lib(mime.obj) : warning LNK4099: 未找到 PDB“libcurl.pdb”(使用“cpr.lib(mime.obj)”或在“E:\meiya\QQpim\x64\Release\libcurl.pdb”中寻找)；正在链接对象，如同没有调试信息一样
cpr.lib(md5.obj) : warning LNK4099: 未找到 PDB“libcurl.pdb”(使用“cpr.lib(md5.obj)”或在“E:\meiya\QQpim\x64\Release\libcurl.pdb”中寻找)；正在链接对象，如同没有调试信息一样
cpr.lib(md4.obj) : warning LNK4099: 未找到 PDB“libcurl.pdb”(使用“cpr.lib(md4.obj)”或在“E:\meiya\QQpim\x64\Release\libcurl.pdb”中寻找)；正在链接对象，如同没有调试信息一样
cpr.lib(llist.obj) : warning LNK4099: 未找到 PDB“libcurl.pdb”(使用“cpr.lib(llist.obj)”或在“E:\meiya\QQpim\x64\Release\libcurl.pdb”中寻找)；正在链接对象，如同没有调试信息一样
cpr.lib(ldap.obj) : warning LNK4099: 未找到 PDB“libcurl.pdb”(使用“cpr.lib(ldap.obj)”或在“E:\meiya\QQpim\x64\Release\libcurl.pdb”中寻找)；正在链接对象，如同没有调试信息一样
cpr.lib(inet_pton.obj) : warning LNK4099: 未找到 PDB“libcurl.pdb”(使用“cpr.lib(inet_pton.obj)”或在“E:\meiya\QQpim\x64\Release\libcurl.pdb”中寻找)；正在链接对象，如同没有调试信息一样
cpr.lib(inet_ntop.obj) : warning LNK4099: 未找到 PDB“libcurl.pdb”(使用“cpr.lib(inet_ntop.obj)”或在“E:\meiya\QQpim\x64\Release\libcurl.pdb”中寻找)；正在链接对象，如同没有调试信息一样
cpr.lib(imap.obj) : warning LNK4099: 未找到 PDB“libcurl.pdb”(使用“cpr.lib(imap.obj)”或在“E:\meiya\QQpim\x64\Release\libcurl.pdb”中寻找)；正在链接对象，如同没有调试信息一样
cpr.lib(if2ip.obj) : warning LNK4099: 未找到 PDB“libcurl.pdb”(使用“cpr.lib(if2ip.obj)”或在“E:\meiya\QQpim\x64\Release\libcurl.pdb”中寻找)；正在链接对象，如同没有调试信息一样
cpr.lib(http_proxy.obj) : warning LNK4099: 未找到 PDB“libcurl.pdb”(使用“cpr.lib(http_proxy.obj)”或在“E:\meiya\QQpim\x64\Release\libcurl.pdb”中寻找)；正在链接对象，如同没有调试信息一样
cpr.lib(http_ntlm.obj) : warning LNK4099: 未找到 PDB“libcurl.pdb”(使用“cpr.lib(http_ntlm.obj)”或在“E:\meiya\QQpim\x64\Release\libcurl.pdb”中寻找)；正在链接对象，如同没有调试信息一样
cpr.lib(http_digest.obj) : warning LNK4099: 未找到 PDB“libcurl.pdb”(使用“cpr.lib(http_digest.obj)”或在“E:\meiya\QQpim\x64\Release\libcurl.pdb”中寻找)；正在链接对象，如同没有调试信息一样
cpr.lib(http_chunks.obj) : warning LNK4099: 未找到 PDB“libcurl.pdb”(使用“cpr.lib(http_chunks.obj)”或在“E:\meiya\QQpim\x64\Release\libcurl.pdb”中寻找)；正在链接对象，如同没有调试信息一样
cpr.lib(http.obj) : warning LNK4099: 未找到 PDB“libcurl.pdb”(使用“cpr.lib(http.obj)”或在“E:\meiya\QQpim\x64\Release\libcurl.pdb”中寻找)；正在链接对象，如同没有调试信息一样
cpr.lib(http_aws_sigv4.obj) : warning LNK4099: 未找到 PDB“libcurl.pdb”(使用“cpr.lib(http_aws_sigv4.obj)”或在“E:\meiya\QQpim\x64\Release\libcurl.pdb”中寻找)；正在链接对象，如同没有调试信息一样
cpr.lib(hostip.obj) : warning LNK4099: 未找到 PDB“libcurl.pdb”(使用“cpr.lib(hostip.obj)”或在“E:\meiya\QQpim\x64\Release\libcurl.pdb”中寻找)；正在链接对象，如同没有调试信息一样
cpr.lib(hostip6.obj) : warning LNK4099: 未找到 PDB“libcurl.pdb”(使用“cpr.lib(hostip6.obj)”或在“E:\meiya\QQpim\x64\Release\libcurl.pdb”中寻找)；正在链接对象，如同没有调试信息一样
cpr.lib(hostcheck.obj) : warning LNK4099: 未找到 PDB“libcurl.pdb”(使用“cpr.lib(hostcheck.obj)”或在“E:\meiya\QQpim\x64\Release\libcurl.pdb”中寻找)；正在链接对象，如同没有调试信息一样
cpr.lib(hostasyn.obj) : warning LNK4099: 未找到 PDB“libcurl.pdb”(使用“cpr.lib(hostasyn.obj)”或在“E:\meiya\QQpim\x64\Release\libcurl.pdb”中寻找)；正在链接对象，如同没有调试信息一样
cpr.lib(hmac.obj) : warning LNK4099: 未找到 PDB“libcurl.pdb”(使用“cpr.lib(hmac.obj)”或在“E:\meiya\QQpim\x64\Release\libcurl.pdb”中寻找)；正在链接对象，如同没有调试信息一样
cpr.lib(hash.obj) : warning LNK4099: 未找到 PDB“libcurl.pdb”(使用“cpr.lib(hash.obj)”或在“E:\meiya\QQpim\x64\Release\libcurl.pdb”中寻找)；正在链接对象，如同没有调试信息一样
cpr.lib(gopher.obj) : warning LNK4099: 未找到 PDB“libcurl.pdb”(使用“cpr.lib(gopher.obj)”或在“E:\meiya\QQpim\x64\Release\libcurl.pdb”中寻找)；正在链接对象，如同没有调试信息一样
cpr.lib(getinfo.obj) : warning LNK4099: 未找到 PDB“libcurl.pdb”(使用“cpr.lib(getinfo.obj)”或在“E:\meiya\QQpim\x64\Release\libcurl.pdb”中寻找)；正在链接对象，如同没有调试信息一样
cpr.lib(getenv.obj) : warning LNK4099: 未找到 PDB“libcurl.pdb”(使用“cpr.lib(getenv.obj)”或在“E:\meiya\QQpim\x64\Release\libcurl.pdb”中寻找)；正在链接对象，如同没有调试信息一样
cpr.lib(ftplistparser.obj) : warning LNK4099: 未找到 PDB“libcurl.pdb”(使用“cpr.lib(ftplistparser.obj)”或在“E:\meiya\QQpim\x64\Release\libcurl.pdb”中寻找)；正在链接对象，如同没有调试信息一样
cpr.lib(ftp.obj) : warning LNK4099: 未找到 PDB“libcurl.pdb”(使用“cpr.lib(ftp.obj)”或在“E:\meiya\QQpim\x64\Release\libcurl.pdb”中寻找)；正在链接对象，如同没有调试信息一样
cpr.lib(formdata.obj) : warning LNK4099: 未找到 PDB“libcurl.pdb”(使用“cpr.lib(formdata.obj)”或在“E:\meiya\QQpim\x64\Release\libcurl.pdb”中寻找)；正在链接对象，如同没有调试信息一样
cpr.lib(fileinfo.obj) : warning LNK4099: 未找到 PDB“libcurl.pdb”(使用“cpr.lib(fileinfo.obj)”或在“E:\meiya\QQpim\x64\Release\libcurl.pdb”中寻找)；正在链接对象，如同没有调试信息一样
cpr.lib(file.obj) : warning LNK4099: 未找到 PDB“libcurl.pdb”(使用“cpr.lib(file.obj)”或在“E:\meiya\QQpim\x64\Release\libcurl.pdb”中寻找)；正在链接对象，如同没有调试信息一样
cpr.lib(escape.obj) : warning LNK4099: 未找到 PDB“libcurl.pdb”(使用“cpr.lib(escape.obj)”或在“E:\meiya\QQpim\x64\Release\libcurl.pdb”中寻找)；正在链接对象，如同没有调试信息一样
cpr.lib(easy.obj) : warning LNK4099: 未找到 PDB“libcurl.pdb”(使用“cpr.lib(easy.obj)”或在“E:\meiya\QQpim\x64\Release\libcurl.pdb”中寻找)；正在链接对象，如同没有调试信息一样
cpr.lib(dynbuf.obj) : warning LNK4099: 未找到 PDB“libcurl.pdb”(使用“cpr.lib(dynbuf.obj)”或在“E:\meiya\QQpim\x64\Release\libcurl.pdb”中寻找)；正在链接对象，如同没有调试信息一样
cpr.lib(dotdot.obj) : warning LNK4099: 未找到 PDB“libcurl.pdb”(使用“cpr.lib(dotdot.obj)”或在“E:\meiya\QQpim\x64\Release\libcurl.pdb”中寻找)；正在链接对象，如同没有调试信息一样
cpr.lib(doh.obj) : warning LNK4099: 未找到 PDB“libcurl.pdb”(使用“cpr.lib(doh.obj)”或在“E:\meiya\QQpim\x64\Release\libcurl.pdb”中寻找)；正在链接对象，如同没有调试信息一样
cpr.lib(dict.obj) : warning LNK4099: 未找到 PDB“libcurl.pdb”(使用“cpr.lib(dict.obj)”或在“E:\meiya\QQpim\x64\Release\libcurl.pdb”中寻找)；正在链接对象，如同没有调试信息一样
cpr.lib(curl_threads.obj) : warning LNK4099: 未找到 PDB“libcurl.pdb”(使用“cpr.lib(curl_threads.obj)”或在“E:\meiya\QQpim\x64\Release\libcurl.pdb”中寻找)；正在链接对象，如同没有调试信息一样
cpr.lib(curl_sasl.obj) : warning LNK4099: 未找到 PDB“libcurl.pdb”(使用“cpr.lib(curl_sasl.obj)”或在“E:\meiya\QQpim\x64\Release\libcurl.pdb”中寻找)；正在链接对象，如同没有调试信息一样
cpr.lib(curl_range.obj) : warning LNK4099: 未找到 PDB“libcurl.pdb”(使用“cpr.lib(curl_range.obj)”或在“E:\meiya\QQpim\x64\Release\libcurl.pdb”中寻找)；正在链接对象，如同没有调试信息一样
cpr.lib(curl_ntlm_core.obj) : warning LNK4099: 未找到 PDB“libcurl.pdb”(使用“cpr.lib(curl_ntlm_core.obj)”或在“E:\meiya\QQpim\x64\Release\libcurl.pdb”中寻找)；正在链接对象，如同没有调试信息一样
cpr.lib(curl_multibyte.obj) : warning LNK4099: 未找到 PDB“libcurl.pdb”(使用“cpr.lib(curl_multibyte.obj)”或在“E:\meiya\QQpim\x64\Release\libcurl.pdb”中寻找)；正在链接对象，如同没有调试信息一样
cpr.lib(curl_memrchr.obj) : warning LNK4099: 未找到 PDB“”(使用“cpr.lib(curl_memrchr.obj)”或在“”中寻找)；正在链接对象，如同没有调试信息一样
cpr.lib(curl_get_line.obj) : warning LNK4099: 未找到 PDB“libcurl.pdb”(使用“cpr.lib(curl_get_line.obj)”或在“E:\meiya\QQpim\x64\Release\libcurl.pdb”中寻找)；正在链接对象，如同没有调试信息一样
cpr.lib(curl_gethostname.obj) : warning LNK4099: 未找到 PDB“”(使用“cpr.lib(curl_gethostname.obj)”或在“”中寻找)；正在链接对象，如同没有调试信息一样
cpr.lib(curl_fnmatch.obj) : warning LNK4099: 未找到 PDB“libcurl.pdb”(使用“cpr.lib(curl_fnmatch.obj)”或在“E:\meiya\QQpim\x64\Release\libcurl.pdb”中寻找)；正在链接对象，如同没有调试信息一样
cpr.lib(curl_endian.obj) : warning LNK4099: 未找到 PDB“libcurl.pdb”(使用“cpr.lib(curl_endian.obj)”或在“E:\meiya\QQpim\x64\Release\libcurl.pdb”中寻找)；正在链接对象，如同没有调试信息一样
cpr.lib(curl_ctype.obj) : warning LNK4099: 未找到 PDB“libcurl.pdb”(使用“cpr.lib(curl_ctype.obj)”或在“E:\meiya\QQpim\x64\Release\libcurl.pdb”中寻找)；正在链接对象，如同没有调试信息一样
cpr.lib(curl_addrinfo.obj) : warning LNK4099: 未找到 PDB“libcurl.pdb”(使用“cpr.lib(curl_addrinfo.obj)”或在“E:\meiya\QQpim\x64\Release\libcurl.pdb”中寻找)；正在链接对象，如同没有调试信息一样
cpr.lib(cookie.obj) : warning LNK4099: 未找到 PDB“libcurl.pdb”(使用“cpr.lib(cookie.obj)”或在“E:\meiya\QQpim\x64\Release\libcurl.pdb”中寻找)；正在链接对象，如同没有调试信息一样
cpr.lib(content_encoding.obj) : warning LNK4099: 未找到 PDB“”(使用“cpr.lib(content_encoding.obj)”或在“”中寻找)；正在链接对象，如同没有调试信息一样
cpr.lib(connect.obj) : warning LNK4099: 未找到 PDB“libcurl.pdb”(使用“cpr.lib(connect.obj)”或在“E:\meiya\QQpim\x64\Release\libcurl.pdb”中寻找)；正在链接对象，如同没有调试信息一样
cpr.lib(conncache.obj) : warning LNK4099: 未找到 PDB“libcurl.pdb”(使用“cpr.lib(conncache.obj)”或在“E:\meiya\QQpim\x64\Release\libcurl.pdb”中寻找)；正在链接对象，如同没有调试信息一样
cpr.lib(base64.obj) : warning LNK4099: 未找到 PDB“libcurl.pdb”(使用“cpr.lib(base64.obj)”或在“E:\meiya\QQpim\x64\Release\libcurl.pdb”中寻找)；正在链接对象，如同没有调试信息一样
cpr.lib(asyn-thread.obj) : warning LNK4099: 未找到 PDB“libcurl.pdb”(使用“cpr.lib(asyn-thread.obj)”或在“E:\meiya\QQpim\x64\Release\libcurl.pdb”中寻找)；正在链接对象，如同没有调试信息一样
cpr.lib(altsvc.obj) : warning LNK4099: 未找到 PDB“libcurl.pdb”(使用“cpr.lib(altsvc.obj)”或在“E:\meiya\QQpim\x64\Release\libcurl.pdb”中寻找)；正在链接对象，如同没有调试信息一样
  QQpim.vcxproj -> E:\meiya\QQpim\x64\Release\QQpim.exe
